<?xml version="1.0" encoding="UTF-8"?>
<!-- Generated by org.testng.reporters.JUnitReportReporter -->
<testsuite hostname="DESKTOP-1OAELGA" failures="0" tests="1" name="com.Netcore.testscripts.IphonesSearch" time="7.086" errors="0" timestamp="2021-05-22T21:12:57 IST" skipped="0">
  <testcase classname="com.Netcore.testscripts.IphonesSearch" name="iphonessearch" time="7.086"/>
  <system-out/>
</testsuite> <!-- com.Netcore.testscripts.IphonesSearch -->
